<?xml version="1.0" encoding="UTF-8"?>
<robot generator="Robot 3.1.2 (Python 3.6.5 on win32)" generated="20191210 17:35:35.853" rpa="false">
<suite id="s1" name="Tc" source="F:\PycharmProjects\ActualCombat\tc">
<suite id="s1-s1" name="D 空白数据" source="F:\PycharmProjects\ActualCombat\tc\d_空白数据">
<kw name="Delete All Classes" library="pylib.ClassManageResource" type="setup">
<doc>删除所有班级</doc>
<msg timestamp="20191210 17:35:35.990" level="INFO">{'gradeid': None, 'retcode': 0, 'retlist': []}</msg>
<status status="PASS" starttime="20191210 17:35:35.926" endtime="20191210 17:35:35.990"></status>
</kw>
<suite id="s1-s1-s1" name="D 班级1" source="F:\PycharmProjects\ActualCombat\tc\d_空白数据\d_班级1">
<kw name="Add Class" library="pylib.ClassManageResource" type="setup">
<doc>添加班级
:param gradeid:年级id
:param name: 班级名次
:param studentlimit: 班级人数限制
:return: 返回dict形式的数据</doc>
<arguments>
<arg>1</arg>
<arg>班级1</arg>
<arg>100</arg>
</arguments>
<msg timestamp="20191210 17:35:36.094" level="INFO">{'id': 276349, 'invitecode': '2763494590661', 'retcode': 0}</msg>
<status status="PASS" starttime="20191210 17:35:35.993" endtime="20191210 17:35:36.094"></status>
</kw>
<suite id="s1-s1-s1-s1" name="添加班级2" source="F:\PycharmProjects\ActualCombat\tc\d_空白数据\d_班级1\添加班级2.robot">
<test id="s1-s1-s1-s1-t1" name="添加班级2_tc000002">
<kw name="Add Class" library="pylib.ClassManageResource">
<doc>添加班级
:param gradeid:年级id
:param name: 班级名次
:param studentlimit: 班级人数限制
:return: 返回dict形式的数据</doc>
<arguments>
<arg>1</arg>
<arg>班级2</arg>
<arg>102</arg>
</arguments>
<assign>
<var>${dict1}</var>
</assign>
<msg timestamp="20191210 17:35:36.202" level="INFO">{'id': 276350, 'invitecode': '2763504216566', 'retcode': 0}</msg>
<msg timestamp="20191210 17:35:36.202" level="INFO">${dict1} = {'invitecode': '2763504216566', 'retcode': 0, 'id': 276350}</msg>
<status status="PASS" starttime="20191210 17:35:36.098" endtime="20191210 17:35:36.202"></status>
</kw>
<kw name="Should Be True" library="BuiltIn">
<doc>Fails if the given condition is not true.</doc>
<arguments>
<arg>$dict1['retcode']==0</arg>
</arguments>
<status status="PASS" starttime="20191210 17:35:36.202" endtime="20191210 17:35:36.207"></status>
</kw>
<kw name="List Classes By Schoolgrade" library="pylib.ClassManageResource">
<doc>根据年级id列出班级，若年级id未传入，则列出所有
:param gradeid:年级id
:return: 返回dict形式的数据</doc>
<arguments>
<arg>1</arg>
</arguments>
<assign>
<var>${dict2}</var>
</assign>
<msg timestamp="20191210 17:35:36.294" level="INFO">{'gradeid': 1,
 'retcode': 0,
 'retlist': [{'grade__name': '七年级',
              'id': 276349,
              'invitecode': '2763494590661',
              'name': '班级1',
              'studentlimit': 100,
              'studentnumber': 0,
              'teacherlist': []},
             {'grade__name': '七年级',
              'id': 276350,
              'invitecode': '2763504216566',
              'name': '班级2',
              'studentlimit': 102,
              'studentnumber': 0,
              'teacherlist': []}]}</msg>
<msg timestamp="20191210 17:35:36.294" level="INFO">${dict2} = {'gradeid': 1, 'retlist': [{'name': '班级1', 'grade__name': '七年级', 'invitecode': '2763494590661', 'studentlimit': 100, 'studentnumber': 0, 'id': 276349, 'teacherlist': []}, {'name': '班级2', 'grade__name'...</msg>
<status status="PASS" starttime="20191210 17:35:36.208" endtime="20191210 17:35:36.294"></status>
</kw>
<kw name="Evaluate" library="BuiltIn">
<doc>Evaluates the given expression in Python and returns the results.</doc>
<arguments>
<arg>$dict2['retlist']</arg>
</arguments>
<assign>
<var>${classes}</var>
</assign>
<msg timestamp="20191210 17:35:36.295" level="INFO">${classes} = [{'name': '班级1', 'grade__name': '七年级', 'invitecode': '2763494590661', 'studentlimit': 100, 'studentnumber': 0, 'id': 276349, 'teacherlist': []}, {'name': '班级2', 'grade__name': '七年级', 'invitecode': '27...</msg>
<status status="PASS" starttime="20191210 17:35:36.294" endtime="20191210 17:35:36.295"></status>
</kw>
<kw name="${class} IN [ @{classes} ]" type="for">
<kw name="${class} = {'name': '班级1', 'grade__name': '七年级', 'invitecode': '2763494590661', 'studentlimit': 100, 'studentnumber': 0, 'id': 276349, 'teacherlist': []}" type="foritem">
<kw name="Continue For Loop If" library="BuiltIn">
<doc>Skips the current for loop iteration if the ``condition`` is true.</doc>
<arguments>
<arg>$class['id']!=$dict1['id']</arg>
</arguments>
<msg timestamp="20191210 17:35:36.296" level="INFO">Continuing for loop from the next iteration.</msg>
<status status="PASS" starttime="20191210 17:35:36.295" endtime="20191210 17:35:36.296"></status>
</kw>
<status status="PASS" starttime="20191210 17:35:36.295" endtime="20191210 17:35:36.296"></status>
</kw>
<kw name="${class} = {'name': '班级2', 'grade__name': '七年级', 'invitecode': '2763504216566', 'studentlimit': 102, 'studentnumber': 0, 'id': 276350, 'teacherlist': []}" type="foritem">
<kw name="Continue For Loop If" library="BuiltIn">
<doc>Skips the current for loop iteration if the ``condition`` is true.</doc>
<arguments>
<arg>$class['id']!=$dict1['id']</arg>
</arguments>
<status status="PASS" starttime="20191210 17:35:36.296" endtime="20191210 17:35:36.297"></status>
</kw>
<kw name="Should Be True" library="BuiltIn">
<doc>Fails if the given condition is not true.</doc>
<arguments>
<arg>$class['name']=='班级2'</arg>
</arguments>
<status status="PASS" starttime="20191210 17:35:36.297" endtime="20191210 17:35:36.297"></status>
</kw>
<kw name="Should Be True" library="BuiltIn">
<doc>Fails if the given condition is not true.</doc>
<arguments>
<arg>$class['grade__name']=='七年级'</arg>
</arguments>
<status status="PASS" starttime="20191210 17:35:36.297" endtime="20191210 17:35:36.298"></status>
</kw>
<kw name="Should Be True" library="BuiltIn">
<doc>Fails if the given condition is not true.</doc>
<arguments>
<arg>$class['invitecode']==$dict1['invitecode']</arg>
</arguments>
<status status="PASS" starttime="20191210 17:35:36.298" endtime="20191210 17:35:36.298"></status>
</kw>
<kw name="Should Be True" library="BuiltIn">
<doc>Fails if the given condition is not true.</doc>
<arguments>
<arg>$class['studentlimit']==102</arg>
</arguments>
<status status="PASS" starttime="20191210 17:35:36.298" endtime="20191210 17:35:36.299"></status>
</kw>
<kw name="Should Be True" library="BuiltIn">
<doc>Fails if the given condition is not true.</doc>
<arguments>
<arg>$class['studentnumber']==0</arg>
</arguments>
<status status="PASS" starttime="20191210 17:35:36.299" endtime="20191210 17:35:36.299"></status>
</kw>
<kw name="Should Be True" library="BuiltIn">
<doc>Fails if the given condition is not true.</doc>
<arguments>
<arg>$class['teacherlist']==[]</arg>
</arguments>
<status status="PASS" starttime="20191210 17:35:36.299" endtime="20191210 17:35:36.300"></status>
</kw>
<kw name="Exit For Loop" library="BuiltIn">
<doc>Stops executing the enclosing for loop.</doc>
<msg timestamp="20191210 17:35:36.300" level="INFO">Exiting for loop altogether.</msg>
<status status="PASS" starttime="20191210 17:35:36.300" endtime="20191210 17:35:36.300"></status>
</kw>
<status status="PASS" starttime="20191210 17:35:36.296" endtime="20191210 17:35:36.300"></status>
</kw>
<status status="PASS" starttime="20191210 17:35:36.295" endtime="20191210 17:35:36.300"></status>
</kw>
<kw name="Delete Class By Classid" library="pylib.ClassManageResource" type="teardown">
<doc>根据班级id，删除班级
:param classid:班级id
:return: 返回dict形式的数据</doc>
<arguments>
<arg>&amp;{dict1}[id]</arg>
</arguments>
<msg timestamp="20191210 17:35:36.398" level="INFO">{'retcode': 0}</msg>
<status status="PASS" starttime="20191210 17:35:36.301" endtime="20191210 17:35:36.398"></status>
</kw>
<status status="PASS" starttime="20191210 17:35:36.097" endtime="20191210 17:35:36.398" critical="yes"></status>
</test>
<status status="PASS" starttime="20191210 17:35:36.094" endtime="20191210 17:35:36.400"></status>
</suite>
<status status="PASS" starttime="20191210 17:35:35.990" endtime="20191210 17:35:36.402"></status>
</suite>
<status status="PASS" starttime="20191210 17:35:35.872" endtime="20191210 17:35:36.404"></status>
</suite>
<status status="PASS" starttime="20191210 17:35:35.855" endtime="20191210 17:35:36.405"></status>
</suite>
<statistics>
<total>
<stat pass="1" fail="0">Critical Tests</stat>
<stat pass="1" fail="0">All Tests</stat>
</total>
<tag>
</tag>
<suite>
<stat pass="1" fail="0" id="s1" name="Tc">Tc</stat>
<stat pass="1" fail="0" id="s1-s1" name="D 空白数据">Tc.D 空白数据</stat>
<stat pass="1" fail="0" id="s1-s1-s1" name="D 班级1">Tc.D 空白数据.D 班级1</stat>
<stat pass="1" fail="0" id="s1-s1-s1-s1" name="添加班级2">Tc.D 空白数据.D 班级1.添加班级2</stat>
</suite>
</statistics>
<errors>
</errors>
</robot>
